<?xml version="1.0" encoding="UTF-8"?>
<coverage generated="1621162762210" clover="3.2.0">
  <project timestamp="1621162762210" name="All files">
    <metrics statements="8" coveredstatements="4" conditionals="0" coveredconditionals="0" methods="5" coveredmethods="1" elements="13" coveredelements="5" complexity="0" loc="8" ncloc="8" packages="1" files="1" classes="1"/>
    <file name="Employee.js" path="C:\Users\syree\coding_bootcamp\homework\team-profile-generator\src\lib\Employee.js">
      <metrics statements="8" coveredstatements="4" conditionals="0" coveredconditionals="0" methods="5" coveredmethods="1"/>
      <line num="3" count="2" type="stmt"/>
      <line num="4" count="2" type="stmt"/>
      <line num="5" count="2" type="stmt"/>
      <line num="9" count="0" type="stmt"/>
      <line num="13" count="0" type="stmt"/>
      <line num="17" count="0" type="stmt"/>
      <line num="21" count="0" type="stmt"/>
      <line num="25" count="1" type="stmt"/>
    </file>
  </project>
</coverage>
